#
# A fatal error has been detected by the Java Runtime Environment:
#
#  SIGSEGV (0xb) at pc=0xb4a11ffc, pid=6850, tid=3078368112
#
# JRE version: 6.0_20-b20
# Java VM: OpenJDK Server VM (19.0-b09 mixed mode linux-x86 )
# Derivative: IcedTea6 1.9.4
# Distribution: Ubuntu 10.04.1 LTS, package 6b20-1.9.4-0ubuntu1~10.04.1
# Problematic frame:
# J  com.android.dx.dex.cf.CfTranslator.processMethods(Lcom/android/dx/cf/direct/DirectClassFile;Lcom/android/dx/dex/cf/CfOptions;Lcom/android/dx/dex/file/ClassDefItem;)V
#
# If you would like to submit a bug report, please include
# instructions how to reproduce the bug and visit:
#   https://bugs.launchpad.net/ubuntu/+source/openjdk-6/
#

---------------  T H R E A D  ---------------

Current thread (0x09b9f000):  JavaThread "main" [_thread_in_Java, id=6861, stack(0xb7772000,0xb77c3000)]

siginfo:si_signo=SIGSEGV: si_errno=0, si_code=128 (), si_addr=0x00000000

Registers:
EAX=0xa132a818, EBX=0xa132a850, ECX=0x09b9f000, EDX=0x00000000
ESP=0xb77c1c30, EBP=0xa1328ea0, ESI=0x0000000a, EDI=0xa132a818
EIP=0xb4a11ffc, CR2=0xb77db000, EFLAGS=0x00210287

Register to memory mapping:

EAX=0xa132a818

[error occurred during error reporting (printing registers, top of stack, instructions near pc), id 0xe0000000]

Stack: [0xb7772000,0xb77c3000],  sp=0xb77c1c30,  free space=319k
Native frames: (J=compiled Java code, j=interpreted, Vv=VM code, C=native code)
J  com.android.dx.dex.cf.CfTranslator.processMethods(Lcom/android/dx/cf/direct/DirectClassFile;Lcom/android/dx/dex/cf/CfOptions;Lcom/android/dx/dex/file/ClassDefItem;)V


---------------  P R O C E S S  ---------------

Java Threads: ( => current thread )
  0x4bf96c00 JavaThread "Low Memory Detector" daemon [_thread_blocked, id=6870, stack(0x4ba32000,0x4ba83000)]
  0x4bf95000 JavaThread "CompilerThread1" daemon [_thread_in_native, id=6869, stack(0x4ba83000,0x4bb04000)]
  0x4bf92c00 JavaThread "CompilerThread0" daemon [_thread_in_native, id=6868, stack(0x4bb04000,0x4bb85000)]
  0x4bf91400 JavaThread "Signal Dispatcher" daemon [_thread_blocked, id=6867, stack(0x4bb85000,0x4bbd6000)]
  0x4bf81000 JavaThread "Finalizer" daemon [_thread_blocked, id=6866, stack(0x4bc15000,0x4bc66000)]
  0x4bf7f800 JavaThread "Reference Handler" daemon [_thread_blocked, id=6865, stack(0x4bc66000,0x4bcb7000)]
=>0x09b9f000 JavaThread "main" [_thread_in_Java, id=6861, stack(0xb7772000,0xb77c3000)]

Other Threads:
  0x4bf7c000 VMThread [stack: 0x4bcb7000,0x4bd38000] [id=6864]
  0x4bf99000 WatcherThread [stack: 0x4b9b1000,0x4ba32000] [id=6871]

VM state:not at safepoint (normal execution)

VM Mutex/Monitor currently owned by a thread: None

Heap
 PSYoungGen      total 376384K, used 212494K [0x946b0000, 0xaefe0000, 0xb46b0000)
  eden space 326976K, 64% used [0x946b0000,0xa1633910,0xa8600000)
  from space 49408K, 0% used [0xab7e0000,0xab7e0000,0xae820000)
  to   space 51072K, 0% used [0xa8600000,0xa8600000,0xab7e0000)
 PSOldGen        total 190464K, used 124479K [0x546b0000, 0x600b0000, 0x946b0000)
  object space 190464K, 65% used [0x546b0000,0x5c03fff8,0x600b0000)
 PSPermGen       total 16384K, used 6347K [0x4c6b0000, 0x4d6b0000, 0x546b0000)
  object space 16384K, 38% used [0x4c6b0000,0x4cce2ea0,0x4d6b0000)

Dynamic libraries:
00110000-00117000 r-xp 00000000 08:05 1055868    /lib/tls/i686/cmov/librt-2.11.1.so
00117000-00118000 r--p 00006000 08:05 1055868    /lib/tls/i686/cmov/librt-2.11.1.so
00118000-00119000 rw-p 00007000 08:05 1055868    /lib/tls/i686/cmov/librt-2.11.1.so
00119000-0013d000 r-xp 00000000 08:05 1049048    /usr/lib/jvm/java-6-openjdk/jre/lib/i386/libjava.so
0013d000-0013e000 r--p 00023000 08:05 1049048    /usr/lib/jvm/java-6-openjdk/jre/lib/i386/libjava.so
0013e000-00140000 rw-p 00024000 08:05 1049048    /usr/lib/jvm/java-6-openjdk/jre/lib/i386/libjava.so
00140000-00147000 r-xp 00000000 08:05 1049068    /usr/lib/jvm/java-6-openjdk/jre/lib/i386/libzip.so
00147000-00148000 r--p 00006000 08:05 1049068    /usr/lib/jvm/java-6-openjdk/jre/lib/i386/libzip.so
00148000-00149000 rw-p 00007000 08:05 1049068    /usr/lib/jvm/java-6-openjdk/jre/lib/i386/libzip.so
0014c000-0014f000 r-xp 00000000 08:05 1049034    /usr/lib/jvm/java-6-openjdk/jre/lib/i386/jli/libjli.so
0014f000-00150000 r--p 00003000 08:05 1049034    /usr/lib/jvm/java-6-openjdk/jre/lib/i386/jli/libjli.so
00150000-00151000 rw-p 00004000 08:05 1049034    /usr/lib/jvm/java-6-openjdk/jre/lib/i386/jli/libjli.so
001c4000-001cb000 r-xp 00000000 08:05 1049069    /usr/lib/jvm/java-6-openjdk/jre/lib/i386/native_threads/libhpi.so
001cb000-001cc000 r--p 00006000 08:05 1049069    /usr/lib/jvm/java-6-openjdk/jre/lib/i386/native_threads/libhpi.so
001cc000-001cd000 rw-p 00007000 08:05 1049069    /usr/lib/jvm/java-6-openjdk/jre/lib/i386/native_threads/libhpi.so
0029f000-002ba000 r-xp 00000000 08:05 922394     /lib/ld-2.11.1.so
002ba000-002bb000 r--p 0001a000 08:05 922394     /lib/ld-2.11.1.so
002bb000-002bc000 rw-p 0001b000 08:05 922394     /lib/ld-2.11.1.so
0032f000-00330000 r-xp 00000000 00:00 0          [vdso]
00426000-00430000 r-xp 00000000 08:05 1055861    /lib/tls/i686/cmov/libnss_files-2.11.1.so
00430000-00431000 r--p 00009000 08:05 1055861    /lib/tls/i686/cmov/libnss_files-2.11.1.so
00431000-00432000 rw-p 0000a000 08:05 1055861    /lib/tls/i686/cmov/libnss_files-2.11.1.so
0043c000-00460000 r-xp 00000000 08:05 1055856    /lib/tls/i686/cmov/libm-2.11.1.so
00460000-00461000 r--p 00023000 08:05 1055856    /lib/tls/i686/cmov/libm-2.11.1.so
00461000-00462000 rw-p 00024000 08:05 1055856    /lib/tls/i686/cmov/libm-2.11.1.so
00471000-00479000 r-xp 00000000 08:05 1055863    /lib/tls/i686/cmov/libnss_nis-2.11.1.so
00479000-0047a000 r--p 00007000 08:05 1055863    /lib/tls/i686/cmov/libnss_nis-2.11.1.so
0047a000-0047b000 rw-p 00008000 08:05 1055863    /lib/tls/i686/cmov/libnss_nis-2.11.1.so
0054d000-00562000 r-xp 00000000 08:05 1055866    /lib/tls/i686/cmov/libpthread-2.11.1.so
00562000-00563000 r--p 00014000 08:05 1055866    /lib/tls/i686/cmov/libpthread-2.11.1.so
00563000-00564000 rw-p 00015000 08:05 1055866    /lib/tls/i686/cmov/libpthread-2.11.1.so
00564000-00566000 rw-p 00000000 00:00 0 
005dc000-005ef000 r-xp 00000000 08:05 917703     /lib/libz.so.1.2.3.3
005ef000-005f0000 r--p 00012000 08:05 917703     /lib/libz.so.1.2.3.3
005f0000-005f1000 rw-p 00013000 08:05 917703     /lib/libz.so.1.2.3.3
007ca000-007dd000 r-xp 00000000 08:05 1055858    /lib/tls/i686/cmov/libnsl-2.11.1.so
007dd000-007de000 r--p 00012000 08:05 1055858    /lib/tls/i686/cmov/libnsl-2.11.1.so
007de000-007df000 rw-p 00013000 08:05 1055858    /lib/tls/i686/cmov/libnsl-2.11.1.so
007df000-007e1000 rw-p 00000000 00:00 0 
00975000-00ac8000 r-xp 00000000 08:05 1055852    /lib/tls/i686/cmov/libc-2.11.1.so
00ac8000-00ac9000 ---p 00153000 08:05 1055852    /lib/tls/i686/cmov/libc-2.11.1.so
00ac9000-00acb000 r--p 00153000 08:05 1055852    /lib/tls/i686/cmov/libc-2.11.1.so
00acb000-00acc000 rw-p 00155000 08:05 1055852    /lib/tls/i686/cmov/libc-2.11.1.so
00acc000-00acf000 rw-p 00000000 00:00 0 
00af9000-00aff000 r-xp 00000000 08:05 1055859    /lib/tls/i686/cmov/libnss_compat-2.11.1.so
00aff000-00b00000 r--p 00006000 08:05 1055859    /lib/tls/i686/cmov/libnss_compat-2.11.1.so
00b00000-00b01000 rw-p 00007000 08:05 1055859    /lib/tls/i686/cmov/libnss_compat-2.11.1.so
00b50000-00b5c000 r-xp 00000000 08:05 1049067    /usr/lib/jvm/java-6-openjdk/jre/lib/i386/libverify.so
00b5c000-00b5d000 r--p 0000b000 08:05 1049067    /usr/lib/jvm/java-6-openjdk/jre/lib/i386/libverify.so
00b5d000-00b5e000 rw-p 0000c000 08:05 1049067    /usr/lib/jvm/java-6-openjdk/jre/lib/i386/libverify.so
00c6d000-00c6f000 r-xp 00000000 08:05 1055855    /lib/tls/i686/cmov/libdl-2.11.1.so
00c6f000-00c70000 r--p 00001000 08:05 1055855    /lib/tls/i686/cmov/libdl-2.11.1.so
00c70000-00c71000 rw-p 00002000 08:05 1055855    /lib/tls/i686/cmov/libdl-2.11.1.so
00c71000-01323000 r-xp 00000000 08:05 1049070    /usr/lib/jvm/java-6-openjdk/jre/lib/i386/server/libjvm.so
01323000-01324000 ---p 006b2000 08:05 1049070    /usr/lib/jvm/java-6-openjdk/jre/lib/i386/server/libjvm.so
01324000-01369000 r--p 006b2000 08:05 1049070    /usr/lib/jvm/java-6-openjdk/jre/lib/i386/server/libjvm.so
01369000-01378000 rw-p 006f7000 08:05 1049070    /usr/lib/jvm/java-6-openjdk/jre/lib/i386/server/libjvm.so
01378000-01797000 rw-p 00000000 00:00 0 
08048000-08051000 r-xp 00000000 08:05 1067750    /usr/lib/jvm/java-6-openjdk/jre/bin/java
08051000-08052000 r--p 00008000 08:05 1067750    /usr/lib/jvm/java-6-openjdk/jre/bin/java
08052000-08053000 rw-p 00009000 08:05 1067750    /usr/lib/jvm/java-6-openjdk/jre/bin/java
09b98000-0ad16000 rw-p 00000000 00:00 0          [heap]
49a00000-49afa000 rw-p 00000000 00:00 0 
49afa000-49b00000 ---p 00000000 00:00 0 
49b00000-49bd7000 rw-p 00000000 00:00 0 
49bd7000-49c00000 ---p 00000000 00:00 0 
49c00000-49cfa000 rw-p 00000000 00:00 0 
49cfa000-49d00000 ---p 00000000 00:00 0 
49d00000-49df1000 rw-p 00000000 00:00 0 
49df1000-49e00000 ---p 00000000 00:00 0 
49e00000-49eed000 rw-p 00000000 00:00 0 
49eed000-49f00000 ---p 00000000 00:00 0 
49f00000-49ff8000 rw-p 00000000 00:00 0 
49ff8000-4a000000 ---p 00000000 00:00 0 
4a000000-4a0f2000 rw-p 00000000 00:00 0 
4a0f2000-4a100000 ---p 00000000 00:00 0 
4a100000-4a1f6000 rw-p 00000000 00:00 0 
4a1f6000-4a200000 ---p 00000000 00:00 0 
4a200000-4a2ed000 rw-p 00000000 00:00 0 
4a2ed000-4a300000 ---p 00000000 00:00 0 
4a400000-4a4f8000 rw-p 00000000 00:00 0 
4a4f8000-4a500000 ---p 00000000 00:00 0 
4a500000-4a5fb000 rw-p 00000000 00:00 0 
4a5fb000-4a600000 ---p 00000000 00:00 0 
4a600000-4a700000 rw-p 00000000 00:00 0 
4a800000-4a8f1000 rw-p 00000000 00:00 0 
4a8f1000-4a900000 ---p 00000000 00:00 0 
4aa00000-4abf8000 rw-p 00000000 00:00 0 
4abf8000-4ac00000 ---p 00000000 00:00 0 
4ac00000-4acf8000 rw-p 00000000 00:00 0 
4acf8000-4ad00000 ---p 00000000 00:00 0 
4ad00000-4ae00000 rw-p 00000000 00:00 0 
4ae00000-4aefc000 rw-p 00000000 00:00 0 
4aefc000-4af00000 ---p 00000000 00:00 0 
4af00000-4b000000 rw-p 00000000 00:00 0 
4b000000-4b0fc000 rw-p 00000000 00:00 0 
4b0fc000-4b100000 ---p 00000000 00:00 0 
4b100000-4b1ff000 rw-p 00000000 00:00 0 
4b1ff000-4b200000 ---p 00000000 00:00 0 
4b200000-4b2ed000 rw-p 00000000 00:00 0 
4b2ed000-4b300000 ---p 00000000 00:00 0 
4b300000-4b3fd000 rw-p 00000000 00:00 0 
4b3fd000-4b400000 ---p 00000000 00:00 0 
4b400000-4b4fb000 rw-p 00000000 00:00 0 
4b4fb000-4b500000 ---p 00000000 00:00 0 
4b500000-4b56a000 rw-p 00000000 00:00 0 
4b56a000-4b600000 ---p 00000000 00:00 0 
4b600000-4b6fa000 rw-p 00000000 00:00 0 
4b6fa000-4b700000 ---p 00000000 00:00 0 
4b700000-4b800000 rw-p 00000000 00:00 0 
4b800000-4b8f5000 rw-p 00000000 00:00 0 
4b8f5000-4b900000 ---p 00000000 00:00 0 
4b9b1000-4b9b2000 ---p 00000000 00:00 0 
4b9b2000-4ba32000 rw-p 00000000 00:00 0 
4ba32000-4ba35000 ---p 00000000 00:00 0 
4ba35000-4ba83000 rw-p 00000000 00:00 0 
4ba83000-4ba86000 ---p 00000000 00:00 0 
4ba86000-4bb04000 rw-p 00000000 00:00 0 
4bb04000-4bb07000 ---p 00000000 00:00 0 
4bb07000-4bb85000 rw-p 00000000 00:00 0 
4bb85000-4bb88000 ---p 00000000 00:00 0 
4bb88000-4bbd6000 rw-p 00000000 00:00 0 
4bbd6000-4bc15000 r--p 00000000 08:05 1180365    /usr/lib/locale/fr_FR.utf8/LC_CTYPE
4bc15000-4bc18000 ---p 00000000 00:00 0 
4bc18000-4bc66000 rw-p 00000000 00:00 0 
4bc66000-4bc69000 ---p 00000000 00:00 0 
4bc69000-4bcb7000 rw-p 00000000 00:00 0 
4bcb7000-4bcb8000 ---p 00000000 00:00 0 
4bcb8000-4bd38000 rw-p 00000000 00:00 0 
4bd38000-4bd3a000 r--s 0001d000 08:05 1067725    /usr/lib/jvm/java-6-openjdk/jre/lib/plugin.jar
4bd3a000-4bd3f000 r--s 00044000 08:05 1067724    /usr/lib/jvm/java-6-openjdk/jre/lib/netx.jar
4bd3f000-4bd71000 rw-p 00000000 00:00 0 
4bd71000-4bf00000 r--s 038bb000 08:05 1049029    /usr/lib/jvm/java-6-openjdk/jre/lib/rt.jar
4bf00000-4bff9000 rw-p 00000000 00:00 0 
4bff9000-4c000000 ---p 00000000 00:00 0 
4c002000-4c012000 r--s 000d5000 08:05 860828     /home/josh/.titanium/mobilesdk/linux/1.6.2/android/titanium.jar
4c012000-4c016000 r--s 0007c000 08:05 1067720    /usr/lib/jvm/java-6-openjdk/jre/lib/jsse.jar
4c016000-4c019000 r--s 0000f000 08:05 1067709    /usr/lib/jvm/java-6-openjdk/jre/lib/ext/pulse-java.jar
4c019000-4c022000 r--s 00065000 08:05 1337678    /usr/share/java/gnome-java-bridge.jar
4c022000-4c02d000 r--s 000ab000 08:05 183945     /home/josh/applications/android-sdk-linux_x86/platforms/android-4/tools/lib/dx.jar
4c02d000-4c02e000 ---p 00000000 00:00 0 
4c02e000-4c0ae000 rw-p 00000000 00:00 0 
4c0ae000-4c0af000 ---p 00000000 00:00 0 
4c0af000-4c137000 rw-p 00000000 00:00 0 
4c137000-4c16f000 rw-p 00000000 00:00 0 
4c16f000-4c1cc000 rw-p 00000000 00:00 0 
4c1cc000-4c36f000 rw-p 00000000 00:00 0 
4c36f000-4c377000 rw-p 00000000 00:00 0 
4c377000-4c3af000 rw-p 00000000 00:00 0 
4c3af000-4c40c000 rw-p 00000000 00:00 0 
4c40c000-4c5af000 rw-p 00000000 00:00 0 
4c5af000-4c684000 rw-p 00000000 00:00 0 
4c684000-4c6af000 rw-p 00000000 00:00 0 
4c6af000-4d6b0000 rw-p 00000000 00:00 0 
4d6b0000-546b0000 rw-p 00000000 00:00 0 
546b0000-600b0000 rw-p 00000000 00:00 0 
600b0000-946b0000 rw-p 00000000 00:00 0 
946b0000-aefe0000 rw-p 00000000 00:00 0 
aefe0000-b46b0000 rw-p 00000000 00:00 0 
b46b2000-b46be000 rw-p 00000000 00:00 0 
b46be000-b4772000 rw-p 00000000 00:00 0 
b4772000-b4a3a000 rwxp 00000000 00:00 0 
b4a3a000-b7772000 rw-p 00000000 00:00 0 
b7772000-b7775000 ---p 00000000 00:00 0 
b7775000-b77c6000 rw-p 00000000 00:00 0 
b77cb000-b77d2000 r--s 00000000 08:05 1050430    /usr/lib/gconv/gconv-modules.cache
b77d2000-b77da000 rw-s 00000000 08:05 949319     /tmp/hsperfdata_josh/6850
b77da000-b77db000 rw-p 00000000 00:00 0 
b77db000-b77dc000 r--p 00000000 00:00 0 
b77dc000-b77de000 rw-p 00000000 00:00 0 
bf91c000-bf951000 rw-p 00000000 00:00 0          [stack]

VM Arguments:
jvm_args: -Xmx1536M -XX:-UseGCOverheadLimit 
java_command: /home/josh/applications/android-sdk-linux_x86/platforms/android-4/tools/lib/dx.jar --dex --output=/home/josh/apps/titanium/HabitualProgress/build/android/bin/classes.dex /home/josh/apps/titanium/HabitualProgress/build/android/bin/classes /home/josh/.titanium/mobilesdk/linux/1.6.2/android/modules/titanium-android.jar /home/josh/.titanium/mobilesdk/linux/1.6.2/android/modules/titanium-analytics.jar /home/josh/.titanium/mobilesdk/linux/1.6.2/android/modules/titanium-media.jar /home/josh/.titanium/mobilesdk/linux/1.6.2/android/ti-commons-codec-1.3.jar /home/josh/.titanium/mobilesdk/linux/1.6.2/android/smalljs.jar /home/josh/.titanium/mobilesdk/linux/1.6.2/android/modules/titanium-ui.jar /home/josh/.titanium/mobilesdk/linux/1.6.2/android/modules/titanium-filesystem.jar /home/josh/.titanium/mobilesdk/linux/1.6.2/android/modules/titanium-locale.jar /home/josh/.titanium/mobilesdk/linux/1.6.2/android/modules/titanium-api.jar /home/josh/.titanium/mobilesdk/linux/1.6.2/android/titanium.jar /home/josh/.titanium/mobilesdk/linux/1.6.2/android/modules/titanium-json.jar /home/josh/.titanium/mobilesdk/linux/1.6.2/android/modules/titanium-app.jar /home/josh/.titanium/mobilesdk/linux/1.6.2/android/modules/titanium-platform.jar /home/josh/.titanium/mobilesdk/linux/1.6.2/android/jaxen-1.1.1.jar /home/josh/.titanium/mobilesdk/linux/1.6.2/android/lib/titanium-verify.jar /home/josh/.titanium/mobilesdk/linux/1.6.2/android/modules/titanium-network.jar
Launcher Type: SUN_STANDARD

Environment Variables:
PATH=/usr/local/sbin:/usr/local/bin:/usr/sbin:/usr/bin:/sbin:/bin:/usr/games
USERNAME=josh
LD_LIBRARY_PATH=/usr/lib/jvm/java-6-openjdk/jre/lib/i386/server:/usr/lib/jvm/java-6-openjdk/jre/lib/i386:/usr/lib/jvm/java-6-openjdk/jre/../lib/i386:/usr/lib/jvm/java-6-openjdk/jre/lib/i386/client:/usr/lib/jvm/java-6-openjdk/jre/lib/i386:
SHELL=/bin/bash
DISPLAY=:0.0

Signal Handlers:
SIGSEGV: [libjvm.so+0x637540], sa_mask[0]=0x7ffbfeff, sa_flags=0x10000004
SIGBUS: [libjvm.so+0x637540], sa_mask[0]=0x7ffbfeff, sa_flags=0x10000004
SIGFPE: [libjvm.so+0x50e650], sa_mask[0]=0x7ffbfeff, sa_flags=0x10000004
SIGPIPE: [libjvm.so+0x50e650], sa_mask[0]=0x7ffbfeff, sa_flags=0x10000004
SIGXFSZ: [libjvm.so+0x50e650], sa_mask[0]=0x7ffbfeff, sa_flags=0x10000004
SIGILL: [libjvm.so+0x50e650], sa_mask[0]=0x7ffbfeff, sa_flags=0x10000004
SIGUSR1: SIG_DFL, sa_mask[0]=0x00000000, sa_flags=0x00000000
SIGUSR2: [libjvm.so+0x50dd00], sa_mask[0]=0x00000004, sa_flags=0x10000004
SIGHUP: [libjvm.so+0x510870], sa_mask[0]=0x7ffbfeff, sa_flags=0x10000004
SIGINT: [libjvm.so+0x510870], sa_mask[0]=0x7ffbfeff, sa_flags=0x10000004
SIGTERM: [libjvm.so+0x510870], sa_mask[0]=0x7ffbfeff, sa_flags=0x10000004
SIGQUIT: [libjvm.so+0x510870], sa_mask[0]=0x7ffbfeff, sa_flags=0x10000004


---------------  S Y S T E M  ---------------

OS:Ubuntu 10.04 (lucid)
uname:Linux 2.6.32-25-generic #45-Ubuntu SMP Sat Oct 16 19:48:22 UTC 2010 i686
libc:glibc 2.11.1 NPTL 2.11.1 
rlimit: STACK 8192k, CORE 0k, NPROC infinity, NOFILE 1024, AS infinity
load average:1.88 1.46 1.27

/proc/meminfo:
MemTotal:        3604840 kB
MemFree:          608540 kB
Buffers:          215608 kB
Cached:          1381472 kB
SwapCached:            0 kB
Active:          1795420 kB
Inactive:        1106352 kB
Active(anon):    1346688 kB
Inactive(anon):    59936 kB
Active(file):     448732 kB
Inactive(file):  1046416 kB
Unevictable:          16 kB
Mlocked:              16 kB
HighTotal:       2750840 kB
HighFree:          48376 kB
LowTotal:         854000 kB
LowFree:          560164 kB
SwapTotal:       1054712 kB
SwapFree:        1054712 kB
Dirty:              6044 kB
Writeback:             0 kB
AnonPages:       1304780 kB
Mapped:           177960 kB
Shmem:            101936 kB
Slab:              55180 kB
SReclaimable:      34208 kB
SUnreclaim:        20972 kB
KernelStack:        3632 kB
PageTables:         9152 kB
NFS_Unstable:          0 kB
Bounce:                0 kB
WritebackTmp:          0 kB
CommitLimit:     2857132 kB
Committed_AS:    3534676 kB
VmallocTotal:     122880 kB
VmallocUsed:       29696 kB
VmallocChunk:      54404 kB
HardwareCorrupted:     0 kB
HugePages_Total:       0
HugePages_Free:        0
HugePages_Rsvd:        0
HugePages_Surp:        0
Hugepagesize:       4096 kB
DirectMap4k:       16376 kB
DirectMap4M:      892928 kB


CPU:total 2 (2 cores per cpu, 1 threads per core) family 6 model 23 stepping 6, cmov, cx8, fxsr, mmx, sse, sse2, sse3, ssse3, sse4.1

Memory: 4k page, physical 3604840k(608540k free), swap 1054712k(1054712k free)

vm_info: OpenJDK Server VM (19.0-b09) for linux-x86 JRE (1.6.0_20-b20), built on Jan  7 2011 19:33:58 by "buildd" with gcc 4.4.3

time: Fri May 27 13:10:38 2011
elapsed time: 17 seconds

